Running pplacer v1.1.alpha19-0-g807f6f3 analysis on basal_2023_07_genomes_checkm/storage/tree/concatenated.fasta...
Didn't find any reference sequences in given alignment file. Using supplied reference alignment.
Pre-masking sequences... sequence length cut from 6988 to 6593.
Warning: pplacer results make the most sense when the given tree is multifurcating at the root. See manual for details.
Determining figs... figs disabled.
Allocating memory for internal nodes... done.
Caching likelihood information on reference tree... done.
Pulling exponents... done.
Preparing the edges for baseball... done.
working on Thaumarchaeota_archaeon_UBA183_renamed (1/32)...
working on Thaumarchaeota_archaeon_SP3992_renamed (2/32)...
working on HMT_PAC_renamed (3/32)...
working on Thaumarchaeota_bin_Fn1_renamed (4/32)...
working on D197_116_renamed (5/32)...
working on Thaumarchaeota_archaeon_RBG_16_49_8_renamed (6/32)...
working on D197_2_renamed (7/32)...
working on HMT_AABW_S15_53_renamed (8/32)...
working on Thaumarchaeota_archaeon_strain_BS4_renamed (9/32)...
working on Thaumarchaeota_archaeon_UBA57_renamed (10/32)...
working on HMT_NADW_S23_34_renamed (11/32)...
working on HMT_NADW_renamed (12/32)...
working on HMT_AABW_renamed (13/32)...
working on Thaumarchaeota_ASW2_bin45_renamed (14/32)...
working on Unclassified_Thaumarchaeota_DRTY_7_bin_36_renamed (15/32)...
working on Thaumarchaeota_archaeon_SAT139_renamed (16/32)...
working on Thaumarchaeota_ASW8_renamed (17/32)...
working on HMT_AAIW_renamed (18/32)...
working on Mariana_Trench_sediment_5533m_4-6cm_Bin1_renamed (19/32)...
working on Thaumarchaeota_YP1_bin3_renamed (20/32)...
working on Deep-sea_sediment_DRR121209_Bin1_renamed (21/32)...
working on HMT_ATL_renamed (22/32)...
working on Deep-sea_sediment_ERR1730303_Bin1_renamed (23/32)...
working on Thaumarchaeota_archaeon_strain_DS1_renamed (24/32)...
working on Thaumarchaeota_archaeon_UBA141_renamed (25/32)...
working on Thaumarchaeota_archaeon_EAC691_renamed (26/32)...
working on XS84_Bin3_renamed (27/32)...
working on XS84_Bin1_renamed (28/32)...
working on Thaumarchaeota_archaeon_UBA160_renamed (29/32)...
working on Thaumarchaeota_archaeon_strain_BS1_renamed (30/32)...
working on Thaumarchaeota_archaeon_strain_BS3_renamed (31/32)...
working on Thaumarchaeota_archaeon_UBA164_renamed (32/32)...
