FastTree Version 2.1.11 Double precision (No SSE3), OpenMP (200 threads)
Alignment: ./renamed_align/gtdbtk.ar122.user_msa.fasta
Amino acid distances: BLOSUM45 Joins: balanced Support: SH-like 1000
Search: Normal +NNI +SPR (2 rounds range 10) +ML-NNI opt-each=1
TopHits: 1.00*sqrtN close=default refresh=0.80
ML Model: Whelan-And-Goldman, CAT approximation with 20 rate categories
Ignored unknown character X (seen 98 times)
      0.14 seconds: Checking top hits for      1 of    153 seqs
      8.75 seconds: Joined    100 of    150
Initial topology in 12.13 seconds
Refining topology: 29 rounds ME-NNIs, 2 rounds ME-SPRs, 15 rounds ML-NNIs
     12.12 seconds: ME NNI round 1 of 29, 1 of 151 splits
     12.26 seconds: ME NNI round 1 of 29, 101 of 151 splits, 13 changes (max delta 0.036)
     12.40 seconds: ME NNI round 2 of 29, 101 of 151 splits, 4 changes (max delta 0.016)
     12.53 seconds: ME NNI round 4 of 29, 1 of 151 splits
     14.21 seconds: SPR round   1 of   2, 101 of 304 nodes
     15.64 seconds: SPR round   1 of   2, 201 of 304 nodes
     16.88 seconds: SPR round   1 of   2, 301 of 304 nodes
     17.04 seconds: ME NNI round 10 of 29, 101 of 151 splits, 0 changes
     18.62 seconds: SPR round   2 of   2, 101 of 304 nodes
     20.16 seconds: SPR round   2 of   2, 201 of 304 nodes
     21.46 seconds: SPR round   2 of   2, 301 of 304 nodes
     21.61 seconds: ME NNI round 19 of 29, 101 of 151 splits, 0 changes
Total branch-length 21.510 after 21.84 sec
     21.86 seconds: ML Lengths 1 of 151 splits
     25.48 seconds: ML Lengths 101 of 151 splits
     27.28 seconds: ML NNI round 1 of 15, 1 of 151 splits
     41.07 seconds: ML NNI round 1 of 15, 101 of 151 splits, 13 changes (max delta 112.370)
ML-NNI round 1: LogLk = -548671.266 NNIs 21 max delta 112.37 Time 47.49
     48.04 seconds: Site likelihoods with rate category 1 of 20
     48.58 seconds: Site likelihoods with rate category 2 of 20
     49.11 seconds: Site likelihoods with rate category 3 of 20
     49.64 seconds: Site likelihoods with rate category 4 of 20
     50.16 seconds: Site likelihoods with rate category 5 of 20
     50.74 seconds: Site likelihoods with rate category 6 of 20
     51.29 seconds: Site likelihoods with rate category 7 of 20
     51.81 seconds: Site likelihoods with rate category 8 of 20
     52.32 seconds: Site likelihoods with rate category 9 of 20
     52.84 seconds: Site likelihoods with rate category 10 of 20
     53.35 seconds: Site likelihoods with rate category 11 of 20
     53.87 seconds: Site likelihoods with rate category 12 of 20
     54.39 seconds: Site likelihoods with rate category 13 of 20
     54.91 seconds: Site likelihoods with rate category 14 of 20
     55.42 seconds: Site likelihoods with rate category 15 of 20
     55.94 seconds: Site likelihoods with rate category 16 of 20
     56.46 seconds: Site likelihoods with rate category 17 of 20
     56.99 seconds: Site likelihoods with rate category 18 of 20
     57.61 seconds: Site likelihoods with rate category 19 of 20
     58.22 seconds: Site likelihoods with rate category 20 of 20
Switched to using 20 rate categories (CAT approximation)
Rate categories were divided by 1.038 so that average rate = 1.0
CAT-based log-likelihoods may not be comparable across runs
     59.39 seconds: ML NNI round 2 of 15, 1 of 151 splits
     72.24 seconds: ML NNI round 2 of 15, 101 of 151 splits, 2 changes (max delta 3.821)
ML-NNI round 2: LogLk = -524680.775 NNIs 7 max delta 125.74 Time 78.57
     78.56 seconds: ML NNI round 3 of 15, 1 of 151 splits
ML-NNI round 3: LogLk = -524675.920 NNIs 0 max delta 0.00 Time 91.13
Turning off heuristics for final round of ML NNIs (converged)
     91.12 seconds: ML NNI round 4 of 15, 1 of 151 splits
    104.20 seconds: ML NNI round 4 of 15, 101 of 151 splits, 0 changes
ML-NNI round 4: LogLk = -524674.757 NNIs 0 max delta 0.00 Time 110.33 (final)
    110.33 seconds: ML Lengths 1 of 151 splits
    113.68 seconds: ML Lengths 101 of 151 splits
Optimize all lengths: LogLk = -524674.746 Time 115.45
    126.53 seconds: ML split tests for    100 of    150 internal splits
    133.28 seconds: Site likelihoods with rate category 1 of 20
    133.80 seconds: Site likelihoods with rate category 2 of 20
    134.32 seconds: Site likelihoods with rate category 3 of 20
    134.85 seconds: Site likelihoods with rate category 4 of 20
    135.37 seconds: Site likelihoods with rate category 5 of 20
    135.91 seconds: Site likelihoods with rate category 6 of 20
    136.45 seconds: Site likelihoods with rate category 7 of 20
    136.98 seconds: Site likelihoods with rate category 8 of 20
    137.51 seconds: Site likelihoods with rate category 9 of 20
    138.05 seconds: Site likelihoods with rate category 10 of 20
    138.58 seconds: Site likelihoods with rate category 11 of 20
    139.12 seconds: Site likelihoods with rate category 12 of 20
    139.65 seconds: Site likelihoods with rate category 13 of 20
    140.17 seconds: Site likelihoods with rate category 14 of 20
    140.71 seconds: Site likelihoods with rate category 15 of 20
    141.24 seconds: Site likelihoods with rate category 16 of 20
    141.79 seconds: Site likelihoods with rate category 17 of 20
    142.32 seconds: Site likelihoods with rate category 18 of 20
    142.86 seconds: Site likelihoods with rate category 19 of 20
    143.39 seconds: Site likelihoods with rate category 20 of 20
    143.90 seconds: Optimizing alpha round 1
Gamma(20) LogLk = -532103.903 alpha = 2.186 rescaling lengths by 1.015
Total time: 143.98 seconds Unique: 153/156 Bad splits: 0/150
